# JRE version: OpenJDK Runtime Environment (8.0_242) (build 1.8.0_242-release-1644-b3-6222593)
# Java VM: OpenJDK 64-Bit Server VM (25.242-b3-6222593 mixed mode linux-amd64 compressed oops)
Heap:
 PSYoungGen      total 600576K, used 338706K [0x00000000d5580000, 0x00000000ff980000, 0x0000000100000000)
  eden space 514048K, 61% used [0x00000000d5580000,0x00000000e88aeb50,0x00000000f4b80000)
  from space 86528K, 27% used [0x00000000fa500000,0x00000000fbc95f48,0x00000000ff980000)
  to   space 89088K, 0% used [0x00000000f4b80000,0x00000000f4b80000,0x00000000fa280000)
 ParOldGen       total 225792K, used 134800K [0x0000000080000000, 0x000000008dc80000, 0x00000000d5580000)
  object space 225792K, 59% used [0x0000000080000000,0x00000000883a4320,0x000000008dc80000)
 Metaspace       used 280357K, capacity 293578K, committed 293888K, reserved 1306624K
  class space    used 34906K, capacity 37565K, committed 37672K, reserved 1048576K
GC Heap History (10 events):
Event: 9217.568 GC heap before
{Heap before GC invocations=46 (full 6):
 PSYoungGen      total 588800K, used 518494K [0x00000000d5580000, 0x00000000ff500000, 0x0000000100000000)
  eden space 490496K, 100% used [0x00000000d5580000,0x00000000f3480000,0x00000000f3480000)
  from space 98304K, 28% used [0x00000000f3480000,0x00000000f4fd7800,0x00000000f9480000)
  to   space 94720K, 0% used [0x00000000f9880000,0x00000000f9880000,0x00000000ff500000)
 ParOldGen       total 225792K, used 89433K [0x0000000080000000, 0x000000008dc80000, 0x00000000d5580000)
  object space 225792K, 39% used [0x0000000080000000,0x0000000085756708,0x000000008dc80000)
 Metaspace       used 228391K, capacity 237948K, committed 241408K, reserved 1259520K
  class space    used 28157K, capacity 30012K, committed 30760K, reserved 1048576K
Event: 9217.669 GC heap after
Heap after GC invocations=46 (full 6):
 PSYoungGen      total 594432K, used 18703K [0x00000000d5580000, 0x00000000ff980000, 0x0000000100000000)
  eden space 499712K, 0% used [0x00000000d5580000,0x00000000d5580000,0x00000000f3d80000)
  from space 94720K, 19% used [0x00000000f9880000,0x00000000faac3e60,0x00000000ff500000)
  to   space 93184K, 0% used [0x00000000f3d80000,0x00000000f3d80000,0x00000000f9880000)
 ParOldGen       total 225792K, used 99249K [0x0000000080000000, 0x000000008dc80000, 0x00000000d5580000)
  object space 225792K, 43% used [0x0000000080000000,0x00000000860ec738,0x000000008dc80000)
 Metaspace       used 228391K, capacity 237948K, committed 241408K, reserved 1259520K
  class space    used 28157K, capacity 30012K, committed 30760K, reserved 1048576K
}
Event: 9220.581 GC heap before
{Heap before GC invocations=47 (full 6):
 PSYoungGen      total 594432K, used 518415K [0x00000000d5580000, 0x00000000ff980000, 0x0000000100000000)
  eden space 499712K, 100% used [0x00000000d5580000,0x00000000f3d80000,0x00000000f3d80000)
  from space 94720K, 19% used [0x00000000f9880000,0x00000000faac3e60,0x00000000ff500000)
  to   space 93184K, 0% used [0x00000000f3d80000,0x00000000f3d80000,0x00000000f9880000)
 ParOldGen       total 225792K, used 99249K [0x0000000080000000, 0x000000008dc80000, 0x00000000d5580000)
  object space 225792K, 43% used [0x0000000080000000,0x00000000860ec738,0x000000008dc80000)
 Metaspace       used 228946K, capacity 238514K, committed 241664K, reserved 1259520K
  class space    used 28226K, capacity 30079K, committed 30760K, reserved 1048576K
Event: 9220.631 GC heap after
Heap after GC invocations=47 (full 6):
 PSYoungGen      total 592896K, used 6963K [0x00000000d5580000, 0x00000000ffe80000, 0x0000000100000000)
  eden space 499712K, 0% used [0x00000000d5580000,0x00000000d5580000,0x00000000f3d80000)
  from space 93184K, 7% used [0x00000000f3d80000,0x00000000f444ceb0,0x00000000f9880000)
  to   space 93184K, 0% used [0x00000000fa380000,0x00000000fa380000,0x00000000ffe80000)
 ParOldGen       total 225792K, used 106330K [0x0000000080000000, 0x000000008dc80000, 0x00000000d5580000)
  object space 225792K, 47% used [0x0000000080000000,0x00000000867d69b0,0x000000008dc80000)
 Metaspace       used 228946K, capacity 238514K, committed 241664K, reserved 1259520K
  class space    used 28226K, capacity 30079K, committed 30760K, reserved 1048576K
}
Event: 9237.351 GC heap before
{Heap before GC invocations=48 (full 6):
 PSYoungGen      total 592896K, used 506675K [0x00000000d5580000, 0x00000000ffe80000, 0x0000000100000000)
  eden space 499712K, 100% used [0x00000000d5580000,0x00000000f3d80000,0x00000000f3d80000)
  from space 93184K, 7% used [0x00000000f3d80000,0x00000000f444ceb0,0x00000000f9880000)
  to   space 93184K, 0% used [0x00000000fa380000,0x00000000fa380000,0x00000000ffe80000)
 ParOldGen       total 225792K, used 106330K [0x0000000080000000, 0x000000008dc80000, 0x00000000d5580000)
  object space 225792K, 47% used [0x0000000080000000,0x00000000867d69b0,0x000000008dc80000)
 Metaspace       used 231064K, capacity 241236K, committed 243712K, reserved 1261568K
  class space    used 28503K, capacity 30531K, committed 31016K, reserved 1048576K
Event: 9237.408 GC heap after
Heap after GC invocations=48 (full 6):
 PSYoungGen      total 604160K, used 9876K [0x00000000d5580000, 0x00000000ffd00000, 0x0000000100000000)
  eden space 512512K, 0% used [0x00000000d5580000,0x00000000d5580000,0x00000000f4a00000)
  from space 91648K, 10% used [0x00000000fa380000,0x00000000fad251d0,0x00000000ffd00000)
  to   space 91648K, 0% used [0x00000000f4a00000,0x00000000f4a00000,0x00000000fa380000)
 ParOldGen       total 225792K, used 108170K [0x0000000080000000, 0x000000008dc80000, 0x00000000d5580000)
  object space 225792K, 47% used [0x0000000080000000,0x00000000869a2868,0x000000008dc80000)
 Metaspace       used 231064K, capacity 241236K, committed 243712K, reserved 1261568K
  class space    used 28503K, capacity 30531K, committed 31016K, reserved 1048576K
}
Event: 9361.561 GC heap before
{Heap before GC invocations=49 (full 6):
 PSYoungGen      total 604160K, used 522388K [0x00000000d5580000, 0x00000000ffd00000, 0x0000000100000000)
  eden space 512512K, 100% used [0x00000000d5580000,0x00000000f4a00000,0x00000000f4a00000)
  from space 91648K, 10% used [0x00000000fa380000,0x00000000fad251d0,0x00000000ffd00000)
  to   space 91648K, 0% used [0x00000000f4a00000,0x00000000f4a00000,0x00000000fa380000)
 ParOldGen       total 225792K, used 108170K [0x0000000080000000, 0x000000008dc80000, 0x00000000d5580000)
  object space 225792K, 47% used [0x0000000080000000,0x00000000869a2868,0x000000008dc80000)
 Metaspace       used 263453K, capacity 275418K, committed 276352K, reserved 1290240K
  class space    used 32872K, capacity 35260K, committed 35496K, reserved 1048576K
Event: 9361.608 GC heap after
Heap after GC invocations=49 (full 6):
 PSYoungGen      total 604160K, used 52814K [0x00000000d5580000, 0x0000000100000000, 0x0000000100000000)
  eden space 512512K, 0% used [0x00000000d5580000,0x00000000d5580000,0x00000000f4a00000)
  from space 91648K, 57% used [0x00000000f4a00000,0x00000000f7d938e0,0x00000000fa380000)
  to   space 93184K, 0% used [0x00000000fa500000,0x00000000fa500000,0x0000000100000000)
 ParOldGen       total 225792K, used 112474K [0x0000000080000000, 0x000000008dc80000, 0x00000000d5580000)
  object space 225792K, 49% used [0x0000000080000000,0x0000000086dd69d8,0x000000008dc80000)
 Metaspace       used 263453K, capacity 275418K, committed 276352K, reserved 1290240K
  class space    used 32872K, capacity 35260K, committed 35496K, reserved 1048576K
}
Event: 9586.662 GC heap before
{Heap before GC invocations=50 (full 6):
 PSYoungGen      total 604160K, used 565326K [0x00000000d5580000, 0x0000000100000000, 0x0000000100000000)
  eden space 512512K, 100% used [0x00000000d5580000,0x00000000f4a00000,0x00000000f4a00000)
  from space 91648K, 57% used [0x00000000f4a00000,0x00000000f7d938e0,0x00000000fa380000)
  to   space 93184K, 0% used [0x00000000fa500000,0x00000000fa500000,0x0000000100000000)
 ParOldGen       total 225792K, used 112474K [0x0000000080000000, 0x000000008dc80000, 0x00000000d5580000)
  object space 225792K, 49% used [0x0000000080000000,0x0000000086dd69d8,0x000000008dc80000)
 Metaspace       used 279013K, capacity 292200K, committed 292480K, reserved 1304576K
  class space    used 34771K, capacity 37426K, committed 37544K, reserved 1048576K
Event: 9586.768 GC heap after
Heap after GC invocations=50 (full 6):
 PSYoungGen      total 600576K, used 24151K [0x00000000d5580000, 0x00000000ff980000, 0x0000000100000000)
  eden space 514048K, 0% used [0x00000000d5580000,0x00000000d5580000,0x00000000f4b80000)
  from space 86528K, 27% used [0x00000000fa500000,0x00000000fbc95f48,0x00000000ff980000)
  to   space 89088K, 0% used [0x00000000f4b80000,0x00000000f4b80000,0x00000000fa280000)
 ParOldGen       total 225792K, used 134800K [0x0000000080000000, 0x000000008dc80000, 0x00000000d5580000)
  object space 225792K, 59% used [0x0000000080000000,0x00000000883a4320,0x000000008dc80000)
 Metaspace       used 279013K, capacity 292200K, committed 292480K, reserved 1304576K
  class space    used 34771K, capacity 37426K, committed 37544K, reserved 1048576K
}

